2019-03-12 14:03:48 662  [main] INFO  pomelo.producer.Application [pomelo.producer.Application line:50] - Starting Application v0.0.1 on P0070047 with PID 14204 (E:\eclipse\iworkspace\pomelo-springcloud\pomelo-producer\target\pomelo-producer-0.0.1.jar started by Administrator in E:\eclipse\iworkspace\pomelo-springcloud\pomelo-producer\target)
2019-03-12 14:03:48 674  [main] INFO  pomelo.producer.Application [pomelo.producer.Application line:679] - The following profiles are active: dev
2019-03-12 14:03:49 1533 [main] INFO  o.s.d.r.c.RepositoryConfigurationDelegate [org.springframework.data.repository.config.RepositoryConfigurationDelegate line:126] - Bootstrapping Spring Data repositories in DEFAULT mode.
2019-03-12 14:03:49 1596 [main] INFO  o.s.d.r.c.RepositoryConfigurationDelegate [org.springframework.data.repository.config.RepositoryConfigurationDelegate line:182] - Finished Spring Data repository scanning in 54ms. Found 1 repository interfaces.
2019-03-12 14:03:50 1980 [main] INFO  o.s.c.s.PostProcessorRegistrationDelegate$BeanPostProcessorChecker [org.springframework.context.support.PostProcessorRegistrationDelegate$BeanPostProcessorChecker line:330] - Bean 'org.springframework.transaction.annotation.ProxyTransactionManagementConfiguration' of type [org.springframework.transaction.annotation.ProxyTransactionManagementConfiguration$$EnhancerBySpringCGLIB$$13f31151] is not eligible for getting processed by all BeanPostProcessors (for example: not eligible for auto-proxying)
2019-03-12 14:03:50 2580 [main] INFO  o.s.b.w.e.tomcat.TomcatWebServer [org.springframework.boot.web.embedded.tomcat.TomcatWebServer line:90] - Tomcat initialized with port(s): 8001 (http)
2019-03-12 14:03:50 2604 [main] INFO  o.a.coyote.http11.Http11NioProtocol [org.apache.coyote.http11.Http11NioProtocol line:173] - Initializing ProtocolHandler ["http-nio-8001"]
2019-03-12 14:03:50 2616 [main] INFO  o.a.catalina.core.StandardService [org.apache.catalina.core.StandardService line:173] - Starting service [Tomcat]
2019-03-12 14:03:50 2617 [main] INFO  o.a.catalina.core.StandardEngine [org.apache.catalina.core.StandardEngine line:173] - Starting Servlet engine: [Apache Tomcat/9.0.16]
2019-03-12 14:03:50 2633 [main] INFO  o.a.c.core.AprLifecycleListener [org.apache.catalina.core.AprLifecycleListener line:173] - The APR based Apache Tomcat Native library which allows optimal performance in production environments was not found on the java.library.path: [C:\ProgramData\Oracle\Java\javapath;C:\WINDOWS\Sun\Java\bin;C:\WINDOWS\system32;C:\WINDOWS;C:\ProgramData\Oracle\Java\javapath;C:\Program Files (x86)\Intel\iCLS Client\;C:\Program Files\Intel\iCLS Client\;C:\WINDOWS\system32;C:\WINDOWS;C:\WINDOWS\System32\Wbem;C:\WINDOWS\System32\WindowsPowerShell\v1.0\;C:\Program Files (x86)\Intel\Intel(R) Management Engine Components\DAL;C:\Program Files\Intel\Intel(R) Management Engine Components\DAL;C:\Program Files (x86)\Intel\Intel(R) Management Engine Components\IPT;C:\Program Files\Intel\Intel(R) Management Engine Components\IPT;C:\Program Files\Java\jdk1.8.0_101\bin;C:\Program Files\Java\jdk1.8.0_101\jre\bin;D:\Maven\apache-maven-3.0.5\bin;D:\Tomcat\apache-tomcat-8.5.8\bin;C:\Program Files (x86)\MySQL\MySQL Server 5.6\bin;C:\Program Files\OpenVPN\bin;E:\Program Files\TortoiseSVN\bin;C:\Program Files\nodejs\;C:\Program Files\OpenSSH\bin;e:\Program Files\Git\cmd;C:\WINDOWS\System32\OpenSSH\;C:\Program Files\PuTTY\;E:\apache-maven-3.5.4\bin;C:\Users\Administrator\AppData\Local\Programs\Microsoft VS Code\bin;E:\Microsoft VS Code\bin;C:\Users\Administrator\AppData\Roaming\npm;C:\Users\Administrator\AppData\Local\Microsoft\WindowsApps;C:\Users\Administrator\AppData\Local\GitHubDesktop\bin;;.]
2019-03-12 14:03:51 3640 [main] INFO  o.a.c.c.C.[Tomcat].[localhost].[/] [org.apache.catalina.core.ContainerBase.[Tomcat].[localhost].[/] line:173] - Initializing Spring embedded WebApplicationContext
2019-03-12 14:03:51 3641 [main] INFO  o.s.web.context.ContextLoader [org.springframework.web.context.ContextLoader line:296] - Root WebApplicationContext: initialization completed in 2922 ms
2019-03-12 14:03:51 3724 [main] INFO  c.a.d.s.b.a.DruidDataSourceAutoConfigure [com.alibaba.druid.spring.boot.autoconfigure.DruidDataSourceAutoConfigure line:56] - Init DruidDataSource
2019-03-12 14:03:52 4069 [main] INFO  c.a.druid.pool.DruidDataSource [com.alibaba.druid.pool.DruidDataSource line:930] - {dataSource-1} inited
2019-03-12 14:03:52 4414 [main] INFO  o.h.jpa.internal.util.LogHelper [org.hibernate.jpa.internal.util.LogHelper line:31] - HHH000204: Processing PersistenceUnitInfo [
	name: default
	...]
2019-03-12 14:03:52 4508 [main] INFO  org.hibernate.Version [org.hibernate.Version line:46] - HHH000412: Hibernate Core {5.3.7.Final}
2019-03-12 14:03:52 4512 [main] INFO  org.hibernate.cfg.Environment [org.hibernate.cfg.Environment line:213] - HHH000206: hibernate.properties not found
2019-03-12 14:03:52 4710 [main] INFO  o.h.annotations.common.Version [org.hibernate.annotations.common.Version line:49] - HCANN000001: Hibernate Commons Annotations {5.0.4.Final}
2019-03-12 14:03:53 5036 [main] INFO  org.hibernate.dialect.Dialect [org.hibernate.dialect.Dialect line:157] - HHH000400: Using dialect: org.hibernate.dialect.MySQL5Dialect
2019-03-12 14:03:53 5858 [main] INFO  o.s.o.j.LocalContainerEntityManagerFactoryBean [org.springframework.orm.jpa.LocalContainerEntityManagerFactoryBean line:415] - Initialized JPA EntityManagerFactory for persistence unit 'default'
2019-03-12 14:03:54 6371 [main] INFO  o.s.s.c.ThreadPoolTaskExecutor [org.springframework.scheduling.concurrent.ThreadPoolTaskExecutor line:171] - Initializing ExecutorService 'applicationTaskExecutor'
2019-03-12 14:03:54 6618 [main] INFO  o.a.coyote.http11.Http11NioProtocol [org.apache.coyote.http11.Http11NioProtocol line:173] - Starting ProtocolHandler ["http-nio-8001"]
2019-03-12 14:03:54 6645 [main] INFO  o.s.b.w.e.tomcat.TomcatWebServer [org.springframework.boot.web.embedded.tomcat.TomcatWebServer line:204] - Tomcat started on port(s): 8001 (http) with context path ''
2019-03-12 14:03:54 6649 [main] INFO  pomelo.producer.Application [pomelo.producer.Application line:59] - Started Application in 6.496 seconds (JVM running for 6.938)
2019-03-12 14:05:09 81282 [http-nio-8001-exec-3] INFO  o.a.c.c.C.[Tomcat].[localhost].[/] [org.apache.catalina.core.ContainerBase.[Tomcat].[localhost].[/] line:173] - Initializing Spring DispatcherServlet 'dispatcherServlet'
2019-03-12 14:05:09 81284 [http-nio-8001-exec-3] INFO  o.s.web.servlet.DispatcherServlet [org.springframework.web.servlet.DispatcherServlet line:524] - Initializing Servlet 'dispatcherServlet'
2019-03-12 14:05:09 81295 [http-nio-8001-exec-3] INFO  o.s.web.servlet.DispatcherServlet [org.springframework.web.servlet.DispatcherServlet line:546] - Completed initialization in 9 ms
