2019-03-12 13:23:32 666  [main] INFO  pomelo.producer.Application [pomelo.producer.Application line:50] - Starting Application on P0070047 with PID 13152 (E:\eclipse\iworkspace\pomelo-springcloud\pomelo-producer\target\classes started by Administrator in E:\eclipse\iworkspace\pomelo-springcloud\pomelo-producer)
2019-03-12 13:23:32 669  [main] INFO  pomelo.producer.Application [pomelo.producer.Application line:679] - The following profiles are active: dev
2019-03-12 13:23:33 1359 [main] INFO  o.s.d.r.c.RepositoryConfigurationDelegate [org.springframework.data.repository.config.RepositoryConfigurationDelegate line:126] - Bootstrapping Spring Data repositories in DEFAULT mode.
2019-03-12 13:23:33 1418 [main] INFO  o.s.d.r.c.RepositoryConfigurationDelegate [org.springframework.data.repository.config.RepositoryConfigurationDelegate line:182] - Finished Spring Data repository scanning in 51ms. Found 1 repository interfaces.
2019-03-12 13:23:33 1744 [main] INFO  o.s.c.s.PostProcessorRegistrationDelegate$BeanPostProcessorChecker [org.springframework.context.support.PostProcessorRegistrationDelegate$BeanPostProcessorChecker line:330] - Bean 'org.springframework.transaction.annotation.ProxyTransactionManagementConfiguration' of type [org.springframework.transaction.annotation.ProxyTransactionManagementConfiguration$$EnhancerBySpringCGLIB$$6105d4be] is not eligible for getting processed by all BeanPostProcessors (for example: not eligible for auto-proxying)
2019-03-12 13:23:34 2313 [main] INFO  o.s.b.w.e.tomcat.TomcatWebServer [org.springframework.boot.web.embedded.tomcat.TomcatWebServer line:90] - Tomcat initialized with port(s): 8001 (http)
2019-03-12 13:23:34 2333 [main] INFO  o.a.coyote.http11.Http11NioProtocol [org.apache.coyote.http11.Http11NioProtocol line:173] - Initializing ProtocolHandler ["http-nio-8001"]
2019-03-12 13:23:34 2343 [main] INFO  o.a.catalina.core.StandardService [org.apache.catalina.core.StandardService line:173] - Starting service [Tomcat]
2019-03-12 13:23:34 2344 [main] INFO  o.a.catalina.core.StandardEngine [org.apache.catalina.core.StandardEngine line:173] - Starting Servlet engine: [Apache Tomcat/9.0.16]
2019-03-12 13:23:34 2356 [main] INFO  o.a.c.core.AprLifecycleListener [org.apache.catalina.core.AprLifecycleListener line:173] - The APR based Apache Tomcat Native library which allows optimal performance in production environments was not found on the java.library.path: [C:\Program Files\Java\jdk1.8.0_101\bin;C:\WINDOWS\Sun\Java\bin;C:\WINDOWS\system32;C:\WINDOWS;C:/Program Files/Java/jre1.8.0_101/bin/server;C:/Program Files/Java/jre1.8.0_101/bin;C:/Program Files/Java/jre1.8.0_101/lib/amd64;C:\ProgramData\Oracle\Java\javapath;C:\Program Files (x86)\Intel\iCLS Client\;C:\Program Files\Intel\iCLS Client\;C:\WINDOWS\system32;C:\WINDOWS;C:\WINDOWS\System32\Wbem;C:\WINDOWS\System32\WindowsPowerShell\v1.0\;C:\Program Files (x86)\Intel\Intel(R) Management Engine Components\DAL;C:\Program Files\Intel\Intel(R) Management Engine Components\DAL;C:\Program Files (x86)\Intel\Intel(R) Management Engine Components\IPT;C:\Program Files\Intel\Intel(R) Management Engine Components\IPT;C:\Program Files\Java\jdk1.8.0_101\bin;C:\Program Files\Java\jdk1.8.0_101\jre\bin;D:\Maven\apache-maven-3.0.5\bin;D:\Tomcat\apache-tomcat-8.5.8\bin;C:\Program Files (x86)\MySQL\MySQL Server 5.6\bin;C:\Program Files\OpenVPN\bin;E:\Program Files\TortoiseSVN\bin;C:\Program Files\nodejs\;C:\Program Files\OpenSSH\bin;e:\Program Files\Git\cmd;C:\WINDOWS\System32\OpenSSH\;C:\Program Files\PuTTY\;E:\apache-maven-3.5.4\bin;C:\Users\Administrator\AppData\Local\Programs\Microsoft VS Code\bin;E:\Microsoft VS Code\bin;C:\Users\Administrator\AppData\Roaming\npm;C:\Users\Administrator\AppData\Local\Microsoft\WindowsApps;C:\Users\Administrator\AppData\Local\GitHubDesktop\bin;;C:\Users\Administrator\Desktop;;.]
2019-03-12 13:23:34 2511 [main] INFO  o.a.c.c.C.[Tomcat].[localhost].[/] [org.apache.catalina.core.ContainerBase.[Tomcat].[localhost].[/] line:173] - Initializing Spring embedded WebApplicationContext
2019-03-12 13:23:34 2511 [main] INFO  o.s.web.context.ContextLoader [org.springframework.web.context.ContextLoader line:296] - Root WebApplicationContext: initialization completed in 1784 ms
2019-03-12 13:23:34 2643 [main] INFO  o.a.catalina.core.StandardService [org.apache.catalina.core.StandardService line:173] - Stopping service [Tomcat]
2019-03-12 13:23:34 2654 [main] INFO  o.s.b.a.l.ConditionEvaluationReportLoggingListener [org.springframework.boot.autoconfigure.logging.ConditionEvaluationReportLoggingListener line:142] - 

Error starting ApplicationContext. To display the conditions report re-run your application with 'debug' enabled.
2019-03-12 13:24:16 671  [main] INFO  pomelo.producer.Application [pomelo.producer.Application line:50] - Starting Application on P0070047 with PID 13072 (E:\eclipse\iworkspace\pomelo-springcloud\pomelo-producer\target\classes started by Administrator in E:\eclipse\iworkspace\pomelo-springcloud\pomelo-producer)
2019-03-12 13:24:16 676  [main] INFO  pomelo.producer.Application [pomelo.producer.Application line:679] - The following profiles are active: dev
2019-03-12 13:24:17 1531 [main] INFO  o.s.d.r.c.RepositoryConfigurationDelegate [org.springframework.data.repository.config.RepositoryConfigurationDelegate line:126] - Bootstrapping Spring Data repositories in DEFAULT mode.
2019-03-12 13:24:17 1616 [main] INFO  o.s.d.r.c.RepositoryConfigurationDelegate [org.springframework.data.repository.config.RepositoryConfigurationDelegate line:182] - Finished Spring Data repository scanning in 70ms. Found 1 repository interfaces.
2019-03-12 13:24:17 1989 [main] INFO  o.s.c.s.PostProcessorRegistrationDelegate$BeanPostProcessorChecker [org.springframework.context.support.PostProcessorRegistrationDelegate$BeanPostProcessorChecker line:330] - Bean 'org.springframework.transaction.annotation.ProxyTransactionManagementConfiguration' of type [org.springframework.transaction.annotation.ProxyTransactionManagementConfiguration$$EnhancerBySpringCGLIB$$ba3de3fa] is not eligible for getting processed by all BeanPostProcessors (for example: not eligible for auto-proxying)
2019-03-12 13:24:18 2473 [main] INFO  o.s.b.w.e.tomcat.TomcatWebServer [org.springframework.boot.web.embedded.tomcat.TomcatWebServer line:90] - Tomcat initialized with port(s): 8001 (http)
2019-03-12 13:24:18 2490 [main] INFO  o.a.coyote.http11.Http11NioProtocol [org.apache.coyote.http11.Http11NioProtocol line:173] - Initializing ProtocolHandler ["http-nio-8001"]
2019-03-12 13:24:18 2500 [main] INFO  o.a.catalina.core.StandardService [org.apache.catalina.core.StandardService line:173] - Starting service [Tomcat]
2019-03-12 13:24:18 2500 [main] INFO  o.a.catalina.core.StandardEngine [org.apache.catalina.core.StandardEngine line:173] - Starting Servlet engine: [Apache Tomcat/9.0.16]
2019-03-12 13:24:18 2512 [main] INFO  o.a.c.core.AprLifecycleListener [org.apache.catalina.core.AprLifecycleListener line:173] - The APR based Apache Tomcat Native library which allows optimal performance in production environments was not found on the java.library.path: [C:\Program Files\Java\jdk1.8.0_101\bin;C:\WINDOWS\Sun\Java\bin;C:\WINDOWS\system32;C:\WINDOWS;C:/Program Files/Java/jre1.8.0_101/bin/server;C:/Program Files/Java/jre1.8.0_101/bin;C:/Program Files/Java/jre1.8.0_101/lib/amd64;C:\ProgramData\Oracle\Java\javapath;C:\Program Files (x86)\Intel\iCLS Client\;C:\Program Files\Intel\iCLS Client\;C:\WINDOWS\system32;C:\WINDOWS;C:\WINDOWS\System32\Wbem;C:\WINDOWS\System32\WindowsPowerShell\v1.0\;C:\Program Files (x86)\Intel\Intel(R) Management Engine Components\DAL;C:\Program Files\Intel\Intel(R) Management Engine Components\DAL;C:\Program Files (x86)\Intel\Intel(R) Management Engine Components\IPT;C:\Program Files\Intel\Intel(R) Management Engine Components\IPT;C:\Program Files\Java\jdk1.8.0_101\bin;C:\Program Files\Java\jdk1.8.0_101\jre\bin;D:\Maven\apache-maven-3.0.5\bin;D:\Tomcat\apache-tomcat-8.5.8\bin;C:\Program Files (x86)\MySQL\MySQL Server 5.6\bin;C:\Program Files\OpenVPN\bin;E:\Program Files\TortoiseSVN\bin;C:\Program Files\nodejs\;C:\Program Files\OpenSSH\bin;e:\Program Files\Git\cmd;C:\WINDOWS\System32\OpenSSH\;C:\Program Files\PuTTY\;E:\apache-maven-3.5.4\bin;C:\Users\Administrator\AppData\Local\Programs\Microsoft VS Code\bin;E:\Microsoft VS Code\bin;C:\Users\Administrator\AppData\Roaming\npm;C:\Users\Administrator\AppData\Local\Microsoft\WindowsApps;C:\Users\Administrator\AppData\Local\GitHubDesktop\bin;;C:\Users\Administrator\Desktop;;.]
2019-03-12 13:24:18 2720 [main] INFO  o.a.c.c.C.[Tomcat].[localhost].[/] [org.apache.catalina.core.ContainerBase.[Tomcat].[localhost].[/] line:173] - Initializing Spring embedded WebApplicationContext
2019-03-12 13:24:18 2720 [main] INFO  o.s.web.context.ContextLoader [org.springframework.web.context.ContextLoader line:296] - Root WebApplicationContext: initialization completed in 1986 ms
2019-03-12 13:24:18 2873 [main] INFO  com.zaxxer.hikari.HikariDataSource [com.zaxxer.hikari.HikariDataSource line:110] - HikariPool-1 - Starting...
2019-03-12 13:24:19 4201 [main] INFO  o.h.jpa.internal.util.LogHelper [org.hibernate.jpa.internal.util.LogHelper line:31] - HHH000204: Processing PersistenceUnitInfo [
	name: default
	...]
2019-03-12 13:24:19 4285 [main] INFO  org.hibernate.Version [org.hibernate.Version line:46] - HHH000412: Hibernate Core {5.3.7.Final}
2019-03-12 13:24:19 4286 [main] INFO  org.hibernate.cfg.Environment [org.hibernate.cfg.Environment line:213] - HHH000206: hibernate.properties not found
2019-03-12 13:24:20 4783 [main] INFO  o.h.annotations.common.Version [org.hibernate.annotations.common.Version line:49] - HCANN000001: Hibernate Commons Annotations {5.0.4.Final}
2019-03-12 13:24:20 4925 [main] INFO  com.zaxxer.hikari.HikariDataSource [com.zaxxer.hikari.HikariDataSource line:110] - HikariPool-1 - Starting...
2019-03-12 13:24:21 5955 [main] INFO  org.hibernate.dialect.Dialect [org.hibernate.dialect.Dialect line:157] - HHH000400: Using dialect: org.hibernate.dialect.MySQL5Dialect
2019-03-12 13:24:21 5974 [main] INFO  o.h.e.j.e.i.LobCreatorBuilderImpl [org.hibernate.engine.jdbc.env.internal.LobCreatorBuilderImpl line:63] - HHH000422: Disabling contextual LOB creation as connection was null
2019-03-12 13:24:22 6650 [main] INFO  com.zaxxer.hikari.HikariDataSource [com.zaxxer.hikari.HikariDataSource line:110] - HikariPool-1 - Starting...
2019-03-12 13:24:23 7667 [main] INFO  o.a.catalina.core.StandardService [org.apache.catalina.core.StandardService line:173] - Stopping service [Tomcat]
2019-03-12 13:24:23 7677 [main] INFO  o.s.b.a.l.ConditionEvaluationReportLoggingListener [org.springframework.boot.autoconfigure.logging.ConditionEvaluationReportLoggingListener line:142] - 

Error starting ApplicationContext. To display the conditions report re-run your application with 'debug' enabled.
2019-03-12 13:27:38 707  [main] INFO  pomelo.producer.Application [pomelo.producer.Application line:50] - Starting Application on P0070047 with PID 10588 (E:\eclipse\iworkspace\pomelo-springcloud\pomelo-producer\target\classes started by Administrator in E:\eclipse\iworkspace\pomelo-springcloud\pomelo-producer)
2019-03-12 13:27:38 709  [main] INFO  pomelo.producer.Application [pomelo.producer.Application line:679] - The following profiles are active: dev
2019-03-12 13:27:39 1544 [main] INFO  o.s.d.r.c.RepositoryConfigurationDelegate [org.springframework.data.repository.config.RepositoryConfigurationDelegate line:126] - Bootstrapping Spring Data repositories in DEFAULT mode.
2019-03-12 13:27:39 1600 [main] INFO  o.s.d.r.c.RepositoryConfigurationDelegate [org.springframework.data.repository.config.RepositoryConfigurationDelegate line:182] - Finished Spring Data repository scanning in 49ms. Found 1 repository interfaces.
2019-03-12 13:27:39 1985 [main] INFO  o.s.c.s.PostProcessorRegistrationDelegate$BeanPostProcessorChecker [org.springframework.context.support.PostProcessorRegistrationDelegate$BeanPostProcessorChecker line:330] - Bean 'org.springframework.transaction.annotation.ProxyTransactionManagementConfiguration' of type [org.springframework.transaction.annotation.ProxyTransactionManagementConfiguration$$EnhancerBySpringCGLIB$$a7713882] is not eligible for getting processed by all BeanPostProcessors (for example: not eligible for auto-proxying)
2019-03-12 13:27:40 2608 [main] INFO  o.s.b.w.e.tomcat.TomcatWebServer [org.springframework.boot.web.embedded.tomcat.TomcatWebServer line:90] - Tomcat initialized with port(s): 8001 (http)
2019-03-12 13:27:40 2624 [main] INFO  o.a.coyote.http11.Http11NioProtocol [org.apache.coyote.http11.Http11NioProtocol line:173] - Initializing ProtocolHandler ["http-nio-8001"]
2019-03-12 13:27:40 2638 [main] INFO  o.a.catalina.core.StandardService [org.apache.catalina.core.StandardService line:173] - Starting service [Tomcat]
2019-03-12 13:27:40 2638 [main] INFO  o.a.catalina.core.StandardEngine [org.apache.catalina.core.StandardEngine line:173] - Starting Servlet engine: [Apache Tomcat/9.0.16]
2019-03-12 13:27:40 2649 [main] INFO  o.a.c.core.AprLifecycleListener [org.apache.catalina.core.AprLifecycleListener line:173] - The APR based Apache Tomcat Native library which allows optimal performance in production environments was not found on the java.library.path: [C:\Program Files\Java\jdk1.8.0_101\bin;C:\WINDOWS\Sun\Java\bin;C:\WINDOWS\system32;C:\WINDOWS;C:/Program Files/Java/jre1.8.0_101/bin/server;C:/Program Files/Java/jre1.8.0_101/bin;C:/Program Files/Java/jre1.8.0_101/lib/amd64;C:\ProgramData\Oracle\Java\javapath;C:\Program Files (x86)\Intel\iCLS Client\;C:\Program Files\Intel\iCLS Client\;C:\WINDOWS\system32;C:\WINDOWS;C:\WINDOWS\System32\Wbem;C:\WINDOWS\System32\WindowsPowerShell\v1.0\;C:\Program Files (x86)\Intel\Intel(R) Management Engine Components\DAL;C:\Program Files\Intel\Intel(R) Management Engine Components\DAL;C:\Program Files (x86)\Intel\Intel(R) Management Engine Components\IPT;C:\Program Files\Intel\Intel(R) Management Engine Components\IPT;C:\Program Files\Java\jdk1.8.0_101\bin;C:\Program Files\Java\jdk1.8.0_101\jre\bin;D:\Maven\apache-maven-3.0.5\bin;D:\Tomcat\apache-tomcat-8.5.8\bin;C:\Program Files (x86)\MySQL\MySQL Server 5.6\bin;C:\Program Files\OpenVPN\bin;E:\Program Files\TortoiseSVN\bin;C:\Program Files\nodejs\;C:\Program Files\OpenSSH\bin;e:\Program Files\Git\cmd;C:\WINDOWS\System32\OpenSSH\;C:\Program Files\PuTTY\;E:\apache-maven-3.5.4\bin;C:\Users\Administrator\AppData\Local\Programs\Microsoft VS Code\bin;E:\Microsoft VS Code\bin;C:\Users\Administrator\AppData\Roaming\npm;C:\Users\Administrator\AppData\Local\Microsoft\WindowsApps;C:\Users\Administrator\AppData\Local\GitHubDesktop\bin;;C:\Users\Administrator\Desktop;;.]
2019-03-12 13:27:40 2760 [main] INFO  o.a.c.c.C.[Tomcat].[localhost].[/] [org.apache.catalina.core.ContainerBase.[Tomcat].[localhost].[/] line:173] - Initializing Spring embedded WebApplicationContext
2019-03-12 13:27:40 2761 [main] INFO  o.s.web.context.ContextLoader [org.springframework.web.context.ContextLoader line:296] - Root WebApplicationContext: initialization completed in 1998 ms
2019-03-12 13:27:40 2996 [main] INFO  com.zaxxer.hikari.HikariDataSource [com.zaxxer.hikari.HikariDataSource line:110] - HikariPool-1 - Starting...
2019-03-12 13:27:41 4230 [main] INFO  o.h.jpa.internal.util.LogHelper [org.hibernate.jpa.internal.util.LogHelper line:31] - HHH000204: Processing PersistenceUnitInfo [
	name: default
	...]
2019-03-12 13:27:41 4342 [main] INFO  org.hibernate.Version [org.hibernate.Version line:46] - HHH000412: Hibernate Core {5.3.7.Final}
2019-03-12 13:27:41 4344 [main] INFO  org.hibernate.cfg.Environment [org.hibernate.cfg.Environment line:213] - HHH000206: hibernate.properties not found
2019-03-12 13:27:42 4530 [main] INFO  o.h.annotations.common.Version [org.hibernate.annotations.common.Version line:49] - HCANN000001: Hibernate Commons Annotations {5.0.4.Final}
2019-03-12 13:27:42 4688 [main] INFO  com.zaxxer.hikari.HikariDataSource [com.zaxxer.hikari.HikariDataSource line:110] - HikariPool-1 - Starting...
2019-03-12 13:27:43 5720 [main] INFO  org.hibernate.dialect.Dialect [org.hibernate.dialect.Dialect line:157] - HHH000400: Using dialect: org.hibernate.dialect.MySQL5Dialect
2019-03-12 13:27:43 5747 [main] INFO  o.h.e.j.e.i.LobCreatorBuilderImpl [org.hibernate.engine.jdbc.env.internal.LobCreatorBuilderImpl line:63] - HHH000422: Disabling contextual LOB creation as connection was null
2019-03-12 13:35:38 695  [main] INFO  pomelo.producer.Application [pomelo.producer.Application line:50] - Starting Application on P0070047 with PID 2888 (E:\eclipse\iworkspace\pomelo-springcloud\pomelo-producer\target\classes started by Administrator in E:\eclipse\iworkspace\pomelo-springcloud\pomelo-producer)
2019-03-12 13:35:38 697  [main] INFO  pomelo.producer.Application [pomelo.producer.Application line:679] - The following profiles are active: dev
2019-03-12 13:35:38 1403 [main] INFO  o.s.d.r.c.RepositoryConfigurationDelegate [org.springframework.data.repository.config.RepositoryConfigurationDelegate line:126] - Bootstrapping Spring Data repositories in DEFAULT mode.
2019-03-12 13:35:38 1463 [main] INFO  o.s.d.r.c.RepositoryConfigurationDelegate [org.springframework.data.repository.config.RepositoryConfigurationDelegate line:182] - Finished Spring Data repository scanning in 52ms. Found 1 repository interfaces.
2019-03-12 13:35:39 1829 [main] INFO  o.s.c.s.PostProcessorRegistrationDelegate$BeanPostProcessorChecker [org.springframework.context.support.PostProcessorRegistrationDelegate$BeanPostProcessorChecker line:330] - Bean 'org.springframework.transaction.annotation.ProxyTransactionManagementConfiguration' of type [org.springframework.transaction.annotation.ProxyTransactionManagementConfiguration$$EnhancerBySpringCGLIB$$5fd34788] is not eligible for getting processed by all BeanPostProcessors (for example: not eligible for auto-proxying)
2019-03-12 13:35:39 2376 [main] INFO  o.s.b.w.e.tomcat.TomcatWebServer [org.springframework.boot.web.embedded.tomcat.TomcatWebServer line:90] - Tomcat initialized with port(s): 8001 (http)
2019-03-12 13:35:39 2394 [main] INFO  o.a.coyote.http11.Http11NioProtocol [org.apache.coyote.http11.Http11NioProtocol line:173] - Initializing ProtocolHandler ["http-nio-8001"]
2019-03-12 13:35:39 2406 [main] INFO  o.a.catalina.core.StandardService [org.apache.catalina.core.StandardService line:173] - Starting service [Tomcat]
2019-03-12 13:35:39 2406 [main] INFO  o.a.catalina.core.StandardEngine [org.apache.catalina.core.StandardEngine line:173] - Starting Servlet engine: [Apache Tomcat/9.0.16]
2019-03-12 13:35:39 2418 [main] INFO  o.a.c.core.AprLifecycleListener [org.apache.catalina.core.AprLifecycleListener line:173] - The APR based Apache Tomcat Native library which allows optimal performance in production environments was not found on the java.library.path: [C:\Program Files\Java\jdk1.8.0_101\bin;C:\WINDOWS\Sun\Java\bin;C:\WINDOWS\system32;C:\WINDOWS;C:/Program Files/Java/jre1.8.0_101/bin/server;C:/Program Files/Java/jre1.8.0_101/bin;C:/Program Files/Java/jre1.8.0_101/lib/amd64;C:\ProgramData\Oracle\Java\javapath;C:\Program Files (x86)\Intel\iCLS Client\;C:\Program Files\Intel\iCLS Client\;C:\WINDOWS\system32;C:\WINDOWS;C:\WINDOWS\System32\Wbem;C:\WINDOWS\System32\WindowsPowerShell\v1.0\;C:\Program Files (x86)\Intel\Intel(R) Management Engine Components\DAL;C:\Program Files\Intel\Intel(R) Management Engine Components\DAL;C:\Program Files (x86)\Intel\Intel(R) Management Engine Components\IPT;C:\Program Files\Intel\Intel(R) Management Engine Components\IPT;C:\Program Files\Java\jdk1.8.0_101\bin;C:\Program Files\Java\jdk1.8.0_101\jre\bin;D:\Maven\apache-maven-3.0.5\bin;D:\Tomcat\apache-tomcat-8.5.8\bin;C:\Program Files (x86)\MySQL\MySQL Server 5.6\bin;C:\Program Files\OpenVPN\bin;E:\Program Files\TortoiseSVN\bin;C:\Program Files\nodejs\;C:\Program Files\OpenSSH\bin;e:\Program Files\Git\cmd;C:\WINDOWS\System32\OpenSSH\;C:\Program Files\PuTTY\;E:\apache-maven-3.5.4\bin;C:\Users\Administrator\AppData\Local\Programs\Microsoft VS Code\bin;E:\Microsoft VS Code\bin;C:\Users\Administrator\AppData\Roaming\npm;C:\Users\Administrator\AppData\Local\Microsoft\WindowsApps;C:\Users\Administrator\AppData\Local\GitHubDesktop\bin;;C:\Users\Administrator\Desktop;;.]
2019-03-12 13:35:40 2550 [main] INFO  o.a.c.c.C.[Tomcat].[localhost].[/] [org.apache.catalina.core.ContainerBase.[Tomcat].[localhost].[/] line:173] - Initializing Spring embedded WebApplicationContext
2019-03-12 13:35:40 2550 [main] INFO  o.s.web.context.ContextLoader [org.springframework.web.context.ContextLoader line:296] - Root WebApplicationContext: initialization completed in 1809 ms
2019-03-12 13:35:40 2840 [main] INFO  com.zaxxer.hikari.HikariDataSource [com.zaxxer.hikari.HikariDataSource line:110] - HikariPool-1 - Starting...
2019-03-12 13:35:40 3036 [main] INFO  com.zaxxer.hikari.HikariDataSource [com.zaxxer.hikari.HikariDataSource line:123] - HikariPool-1 - Start completed.
2019-03-12 13:35:40 3090 [main] INFO  o.h.jpa.internal.util.LogHelper [org.hibernate.jpa.internal.util.LogHelper line:31] - HHH000204: Processing PersistenceUnitInfo [
	name: default
	...]
2019-03-12 13:35:40 3171 [main] INFO  org.hibernate.Version [org.hibernate.Version line:46] - HHH000412: Hibernate Core {5.3.7.Final}
2019-03-12 13:35:40 3172 [main] INFO  org.hibernate.cfg.Environment [org.hibernate.cfg.Environment line:213] - HHH000206: hibernate.properties not found
2019-03-12 13:35:40 3314 [main] INFO  o.h.annotations.common.Version [org.hibernate.annotations.common.Version line:49] - HCANN000001: Hibernate Commons Annotations {5.0.4.Final}
2019-03-12 13:35:40 3483 [main] INFO  org.hibernate.dialect.Dialect [org.hibernate.dialect.Dialect line:157] - HHH000400: Using dialect: org.hibernate.dialect.MySQL5Dialect
2019-03-12 13:35:41 4227 [main] INFO  o.s.o.j.LocalContainerEntityManagerFactoryBean [org.springframework.orm.jpa.LocalContainerEntityManagerFactoryBean line:415] - Initialized JPA EntityManagerFactory for persistence unit 'default'
2019-03-12 13:35:42 4781 [main] INFO  o.s.s.c.ThreadPoolTaskExecutor [org.springframework.scheduling.concurrent.ThreadPoolTaskExecutor line:171] - Initializing ExecutorService 'applicationTaskExecutor'
2019-03-12 13:35:42 5123 [main] INFO  o.a.coyote.http11.Http11NioProtocol [org.apache.coyote.http11.Http11NioProtocol line:173] - Starting ProtocolHandler ["http-nio-8001"]
2019-03-12 13:35:42 5163 [main] INFO  o.s.b.w.e.tomcat.TomcatWebServer [org.springframework.boot.web.embedded.tomcat.TomcatWebServer line:204] - Tomcat started on port(s): 8001 (http) with context path ''
2019-03-12 13:35:42 5164 [main] INFO  pomelo.producer.Application [pomelo.producer.Application line:59] - Started Application in 4.979 seconds (JVM running for 5.452)
2019-03-12 13:40:44 646  [main] INFO  pomelo.producer.Application [pomelo.producer.Application line:50] - Starting Application on P0070047 with PID 6808 (E:\eclipse\iworkspace\pomelo-springcloud\pomelo-producer\target\classes started by Administrator in E:\eclipse\iworkspace\pomelo-springcloud\pomelo-producer)
2019-03-12 13:40:44 648  [main] INFO  pomelo.producer.Application [pomelo.producer.Application line:679] - The following profiles are active: dev
2019-03-12 13:40:45 1407 [main] INFO  o.s.d.r.c.RepositoryConfigurationDelegate [org.springframework.data.repository.config.RepositoryConfigurationDelegate line:126] - Bootstrapping Spring Data repositories in DEFAULT mode.
2019-03-12 13:40:45 1480 [main] INFO  o.s.d.r.c.RepositoryConfigurationDelegate [org.springframework.data.repository.config.RepositoryConfigurationDelegate line:182] - Finished Spring Data repository scanning in 66ms. Found 1 repository interfaces.
2019-03-12 13:40:45 1789 [main] INFO  o.s.c.s.PostProcessorRegistrationDelegate$BeanPostProcessorChecker [org.springframework.context.support.PostProcessorRegistrationDelegate$BeanPostProcessorChecker line:330] - Bean 'org.springframework.transaction.annotation.ProxyTransactionManagementConfiguration' of type [org.springframework.transaction.annotation.ProxyTransactionManagementConfiguration$$EnhancerBySpringCGLIB$$cb7d904a] is not eligible for getting processed by all BeanPostProcessors (for example: not eligible for auto-proxying)
2019-03-12 13:40:45 2255 [main] INFO  o.s.b.w.e.tomcat.TomcatWebServer [org.springframework.boot.web.embedded.tomcat.TomcatWebServer line:90] - Tomcat initialized with port(s): 8001 (http)
2019-03-12 13:40:45 2272 [main] INFO  o.a.coyote.http11.Http11NioProtocol [org.apache.coyote.http11.Http11NioProtocol line:173] - Initializing ProtocolHandler ["http-nio-8001"]
2019-03-12 13:40:45 2281 [main] INFO  o.a.catalina.core.StandardService [org.apache.catalina.core.StandardService line:173] - Starting service [Tomcat]
2019-03-12 13:40:45 2282 [main] INFO  o.a.catalina.core.StandardEngine [org.apache.catalina.core.StandardEngine line:173] - Starting Servlet engine: [Apache Tomcat/9.0.16]
2019-03-12 13:40:45 2292 [main] INFO  o.a.c.core.AprLifecycleListener [org.apache.catalina.core.AprLifecycleListener line:173] - The APR based Apache Tomcat Native library which allows optimal performance in production environments was not found on the java.library.path: [C:\Program Files\Java\jdk1.8.0_101\bin;C:\WINDOWS\Sun\Java\bin;C:\WINDOWS\system32;C:\WINDOWS;C:/Program Files/Java/jre1.8.0_101/bin/server;C:/Program Files/Java/jre1.8.0_101/bin;C:/Program Files/Java/jre1.8.0_101/lib/amd64;C:\ProgramData\Oracle\Java\javapath;C:\Program Files (x86)\Intel\iCLS Client\;C:\Program Files\Intel\iCLS Client\;C:\WINDOWS\system32;C:\WINDOWS;C:\WINDOWS\System32\Wbem;C:\WINDOWS\System32\WindowsPowerShell\v1.0\;C:\Program Files (x86)\Intel\Intel(R) Management Engine Components\DAL;C:\Program Files\Intel\Intel(R) Management Engine Components\DAL;C:\Program Files (x86)\Intel\Intel(R) Management Engine Components\IPT;C:\Program Files\Intel\Intel(R) Management Engine Components\IPT;C:\Program Files\Java\jdk1.8.0_101\bin;C:\Program Files\Java\jdk1.8.0_101\jre\bin;D:\Maven\apache-maven-3.0.5\bin;D:\Tomcat\apache-tomcat-8.5.8\bin;C:\Program Files (x86)\MySQL\MySQL Server 5.6\bin;C:\Program Files\OpenVPN\bin;E:\Program Files\TortoiseSVN\bin;C:\Program Files\nodejs\;C:\Program Files\OpenSSH\bin;e:\Program Files\Git\cmd;C:\WINDOWS\System32\OpenSSH\;C:\Program Files\PuTTY\;E:\apache-maven-3.5.4\bin;C:\Users\Administrator\AppData\Local\Programs\Microsoft VS Code\bin;E:\Microsoft VS Code\bin;C:\Users\Administrator\AppData\Roaming\npm;C:\Users\Administrator\AppData\Local\Microsoft\WindowsApps;C:\Users\Administrator\AppData\Local\GitHubDesktop\bin;;C:\Users\Administrator\Desktop;;.]
2019-03-12 13:40:46 2454 [main] INFO  o.a.c.c.C.[Tomcat].[localhost].[/] [org.apache.catalina.core.ContainerBase.[Tomcat].[localhost].[/] line:173] - Initializing Spring embedded WebApplicationContext
2019-03-12 13:40:46 2455 [main] INFO  o.s.web.context.ContextLoader [org.springframework.web.context.ContextLoader line:296] - Root WebApplicationContext: initialization completed in 1767 ms
2019-03-12 13:40:46 2695 [main] INFO  com.zaxxer.hikari.HikariDataSource [com.zaxxer.hikari.HikariDataSource line:110] - HikariPool-1 - Starting...
2019-03-12 13:40:46 2838 [main] INFO  com.zaxxer.hikari.HikariDataSource [com.zaxxer.hikari.HikariDataSource line:123] - HikariPool-1 - Start completed.
2019-03-12 13:40:46 2884 [main] INFO  o.h.jpa.internal.util.LogHelper [org.hibernate.jpa.internal.util.LogHelper line:31] - HHH000204: Processing PersistenceUnitInfo [
	name: default
	...]
2019-03-12 13:40:46 2961 [main] INFO  org.hibernate.Version [org.hibernate.Version line:46] - HHH000412: Hibernate Core {5.3.7.Final}
2019-03-12 13:40:46 2964 [main] INFO  org.hibernate.cfg.Environment [org.hibernate.cfg.Environment line:213] - HHH000206: hibernate.properties not found
2019-03-12 13:40:46 3098 [main] INFO  o.h.annotations.common.Version [org.hibernate.annotations.common.Version line:49] - HCANN000001: Hibernate Commons Annotations {5.0.4.Final}
2019-03-12 13:40:46 3240 [main] INFO  org.hibernate.dialect.Dialect [org.hibernate.dialect.Dialect line:157] - HHH000400: Using dialect: org.hibernate.dialect.MySQL5Dialect
2019-03-12 13:40:47 3810 [main] INFO  o.s.o.j.LocalContainerEntityManagerFactoryBean [org.springframework.orm.jpa.LocalContainerEntityManagerFactoryBean line:415] - Initialized JPA EntityManagerFactory for persistence unit 'default'
2019-03-12 13:40:47 4232 [main] INFO  o.s.s.c.ThreadPoolTaskExecutor [org.springframework.scheduling.concurrent.ThreadPoolTaskExecutor line:171] - Initializing ExecutorService 'applicationTaskExecutor'
2019-03-12 13:40:48 4464 [main] INFO  o.a.coyote.http11.Http11NioProtocol [org.apache.coyote.http11.Http11NioProtocol line:173] - Starting ProtocolHandler ["http-nio-8001"]
2019-03-12 13:40:48 4487 [main] INFO  o.s.b.w.e.tomcat.TomcatWebServer [org.springframework.boot.web.embedded.tomcat.TomcatWebServer line:204] - Tomcat started on port(s): 8001 (http) with context path ''
2019-03-12 13:40:48 4490 [main] INFO  pomelo.producer.Application [pomelo.producer.Application line:59] - Started Application in 4.302 seconds (JVM running for 4.698)
2019-03-12 13:41:23 39864 [http-nio-8001-exec-1] INFO  o.a.c.c.C.[Tomcat].[localhost].[/] [org.apache.catalina.core.ContainerBase.[Tomcat].[localhost].[/] line:173] - Initializing Spring DispatcherServlet 'dispatcherServlet'
2019-03-12 13:41:23 39864 [http-nio-8001-exec-1] INFO  o.s.web.servlet.DispatcherServlet [org.springframework.web.servlet.DispatcherServlet line:524] - Initializing Servlet 'dispatcherServlet'
2019-03-12 13:41:23 39873 [http-nio-8001-exec-1] INFO  o.s.web.servlet.DispatcherServlet [org.springframework.web.servlet.DispatcherServlet line:546] - Completed initialization in 9 ms
2019-03-12 13:43:00 754  [main] INFO  pomelo.producer.Application [pomelo.producer.Application line:50] - Starting Application on P0070047 with PID 8964 (E:\eclipse\iworkspace\pomelo-springcloud\pomelo-producer\target\classes started by Administrator in E:\eclipse\iworkspace\pomelo-springcloud\pomelo-producer)
2019-03-12 13:43:00 756  [main] INFO  pomelo.producer.Application [pomelo.producer.Application line:679] - The following profiles are active: dev
2019-03-12 13:43:01 1433 [main] INFO  o.s.d.r.c.RepositoryConfigurationDelegate [org.springframework.data.repository.config.RepositoryConfigurationDelegate line:126] - Bootstrapping Spring Data repositories in DEFAULT mode.
2019-03-12 13:43:01 1496 [main] INFO  o.s.d.r.c.RepositoryConfigurationDelegate [org.springframework.data.repository.config.RepositoryConfigurationDelegate line:182] - Finished Spring Data repository scanning in 56ms. Found 1 repository interfaces.
2019-03-12 13:43:01 1853 [main] INFO  o.s.c.s.PostProcessorRegistrationDelegate$BeanPostProcessorChecker [org.springframework.context.support.PostProcessorRegistrationDelegate$BeanPostProcessorChecker line:330] - Bean 'org.springframework.transaction.annotation.ProxyTransactionManagementConfiguration' of type [org.springframework.transaction.annotation.ProxyTransactionManagementConfiguration$$EnhancerBySpringCGLIB$$e7f09644] is not eligible for getting processed by all BeanPostProcessors (for example: not eligible for auto-proxying)
2019-03-12 13:43:02 2423 [main] INFO  o.s.b.w.e.tomcat.TomcatWebServer [org.springframework.boot.web.embedded.tomcat.TomcatWebServer line:90] - Tomcat initialized with port(s): 8001 (http)
2019-03-12 13:43:02 2442 [main] INFO  o.a.coyote.http11.Http11NioProtocol [org.apache.coyote.http11.Http11NioProtocol line:173] - Initializing ProtocolHandler ["http-nio-8001"]
2019-03-12 13:43:02 2458 [main] INFO  o.a.catalina.core.StandardService [org.apache.catalina.core.StandardService line:173] - Starting service [Tomcat]
2019-03-12 13:43:02 2459 [main] INFO  o.a.catalina.core.StandardEngine [org.apache.catalina.core.StandardEngine line:173] - Starting Servlet engine: [Apache Tomcat/9.0.16]
2019-03-12 13:43:02 2471 [main] INFO  o.a.c.core.AprLifecycleListener [org.apache.catalina.core.AprLifecycleListener line:173] - The APR based Apache Tomcat Native library which allows optimal performance in production environments was not found on the java.library.path: [C:\Program Files\Java\jdk1.8.0_101\bin;C:\WINDOWS\Sun\Java\bin;C:\WINDOWS\system32;C:\WINDOWS;C:/Program Files/Java/jre1.8.0_101/bin/server;C:/Program Files/Java/jre1.8.0_101/bin;C:/Program Files/Java/jre1.8.0_101/lib/amd64;C:\ProgramData\Oracle\Java\javapath;C:\Program Files (x86)\Intel\iCLS Client\;C:\Program Files\Intel\iCLS Client\;C:\WINDOWS\system32;C:\WINDOWS;C:\WINDOWS\System32\Wbem;C:\WINDOWS\System32\WindowsPowerShell\v1.0\;C:\Program Files (x86)\Intel\Intel(R) Management Engine Components\DAL;C:\Program Files\Intel\Intel(R) Management Engine Components\DAL;C:\Program Files (x86)\Intel\Intel(R) Management Engine Components\IPT;C:\Program Files\Intel\Intel(R) Management Engine Components\IPT;C:\Program Files\Java\jdk1.8.0_101\bin;C:\Program Files\Java\jdk1.8.0_101\jre\bin;D:\Maven\apache-maven-3.0.5\bin;D:\Tomcat\apache-tomcat-8.5.8\bin;C:\Program Files (x86)\MySQL\MySQL Server 5.6\bin;C:\Program Files\OpenVPN\bin;E:\Program Files\TortoiseSVN\bin;C:\Program Files\nodejs\;C:\Program Files\OpenSSH\bin;e:\Program Files\Git\cmd;C:\WINDOWS\System32\OpenSSH\;C:\Program Files\PuTTY\;E:\apache-maven-3.5.4\bin;C:\Users\Administrator\AppData\Local\Programs\Microsoft VS Code\bin;E:\Microsoft VS Code\bin;C:\Users\Administrator\AppData\Roaming\npm;C:\Users\Administrator\AppData\Local\Microsoft\WindowsApps;C:\Users\Administrator\AppData\Local\GitHubDesktop\bin;;C:\Users\Administrator\Desktop;;.]
2019-03-12 13:43:02 2628 [main] INFO  o.a.c.c.C.[Tomcat].[localhost].[/] [org.apache.catalina.core.ContainerBase.[Tomcat].[localhost].[/] line:173] - Initializing Spring embedded WebApplicationContext
2019-03-12 13:43:02 2629 [main] INFO  o.s.web.context.ContextLoader [org.springframework.web.context.ContextLoader line:296] - Root WebApplicationContext: initialization completed in 1830 ms
2019-03-12 13:43:02 2892 [main] INFO  com.zaxxer.hikari.HikariDataSource [com.zaxxer.hikari.HikariDataSource line:110] - HikariPool-1 - Starting...
2019-03-12 13:43:03 4102 [main] INFO  o.h.jpa.internal.util.LogHelper [org.hibernate.jpa.internal.util.LogHelper line:31] - HHH000204: Processing PersistenceUnitInfo [
	name: default
	...]
2019-03-12 13:43:03 4216 [main] INFO  org.hibernate.Version [org.hibernate.Version line:46] - HHH000412: Hibernate Core {5.3.7.Final}
2019-03-12 13:43:03 4217 [main] INFO  org.hibernate.cfg.Environment [org.hibernate.cfg.Environment line:213] - HHH000206: hibernate.properties not found
2019-03-12 13:43:04 4426 [main] INFO  o.h.annotations.common.Version [org.hibernate.annotations.common.Version line:49] - HCANN000001: Hibernate Commons Annotations {5.0.4.Final}
2019-03-12 13:43:04 4602 [main] INFO  com.zaxxer.hikari.HikariDataSource [com.zaxxer.hikari.HikariDataSource line:110] - HikariPool-1 - Starting...
2019-03-12 13:43:05 5624 [main] INFO  org.hibernate.dialect.Dialect [org.hibernate.dialect.Dialect line:157] - HHH000400: Using dialect: org.hibernate.dialect.MySQL5Dialect
2019-03-12 13:43:05 5643 [main] INFO  o.h.e.j.e.i.LobCreatorBuilderImpl [org.hibernate.engine.jdbc.env.internal.LobCreatorBuilderImpl line:63] - HHH000422: Disabling contextual LOB creation as connection was null
2019-03-12 13:43:05 6200 [main] INFO  com.zaxxer.hikari.HikariDataSource [com.zaxxer.hikari.HikariDataSource line:110] - HikariPool-1 - Starting...
2019-03-12 13:44:48 652  [main] INFO  pomelo.producer.Application [pomelo.producer.Application line:50] - Starting Application on P0070047 with PID 9620 (E:\eclipse\iworkspace\pomelo-springcloud\pomelo-producer\target\classes started by Administrator in E:\eclipse\iworkspace\pomelo-springcloud\pomelo-producer)
2019-03-12 13:44:48 655  [main] INFO  pomelo.producer.Application [pomelo.producer.Application line:679] - The following profiles are active: dev
2019-03-12 13:44:48 1397 [main] INFO  o.s.d.r.c.RepositoryConfigurationDelegate [org.springframework.data.repository.config.RepositoryConfigurationDelegate line:126] - Bootstrapping Spring Data repositories in DEFAULT mode.
2019-03-12 13:44:49 1462 [main] INFO  o.s.d.r.c.RepositoryConfigurationDelegate [org.springframework.data.repository.config.RepositoryConfigurationDelegate line:182] - Finished Spring Data repository scanning in 57ms. Found 1 repository interfaces.
2019-03-12 13:44:49 1799 [main] INFO  o.s.c.s.PostProcessorRegistrationDelegate$BeanPostProcessorChecker [org.springframework.context.support.PostProcessorRegistrationDelegate$BeanPostProcessorChecker line:330] - Bean 'org.springframework.transaction.annotation.ProxyTransactionManagementConfiguration' of type [org.springframework.transaction.annotation.ProxyTransactionManagementConfiguration$$EnhancerBySpringCGLIB$$e48af1e1] is not eligible for getting processed by all BeanPostProcessors (for example: not eligible for auto-proxying)
2019-03-12 13:44:49 2354 [main] INFO  o.s.b.w.e.tomcat.TomcatWebServer [org.springframework.boot.web.embedded.tomcat.TomcatWebServer line:90] - Tomcat initialized with port(s): 8001 (http)
2019-03-12 13:44:49 2374 [main] INFO  o.a.coyote.http11.Http11NioProtocol [org.apache.coyote.http11.Http11NioProtocol line:173] - Initializing ProtocolHandler ["http-nio-8001"]
2019-03-12 13:44:49 2385 [main] INFO  o.a.catalina.core.StandardService [org.apache.catalina.core.StandardService line:173] - Starting service [Tomcat]
2019-03-12 13:44:49 2385 [main] INFO  o.a.catalina.core.StandardEngine [org.apache.catalina.core.StandardEngine line:173] - Starting Servlet engine: [Apache Tomcat/9.0.16]
2019-03-12 13:44:49 2399 [main] INFO  o.a.c.core.AprLifecycleListener [org.apache.catalina.core.AprLifecycleListener line:173] - The APR based Apache Tomcat Native library which allows optimal performance in production environments was not found on the java.library.path: [C:\Program Files\Java\jdk1.8.0_101\bin;C:\WINDOWS\Sun\Java\bin;C:\WINDOWS\system32;C:\WINDOWS;C:/Program Files/Java/jre1.8.0_101/bin/server;C:/Program Files/Java/jre1.8.0_101/bin;C:/Program Files/Java/jre1.8.0_101/lib/amd64;C:\ProgramData\Oracle\Java\javapath;C:\Program Files (x86)\Intel\iCLS Client\;C:\Program Files\Intel\iCLS Client\;C:\WINDOWS\system32;C:\WINDOWS;C:\WINDOWS\System32\Wbem;C:\WINDOWS\System32\WindowsPowerShell\v1.0\;C:\Program Files (x86)\Intel\Intel(R) Management Engine Components\DAL;C:\Program Files\Intel\Intel(R) Management Engine Components\DAL;C:\Program Files (x86)\Intel\Intel(R) Management Engine Components\IPT;C:\Program Files\Intel\Intel(R) Management Engine Components\IPT;C:\Program Files\Java\jdk1.8.0_101\bin;C:\Program Files\Java\jdk1.8.0_101\jre\bin;D:\Maven\apache-maven-3.0.5\bin;D:\Tomcat\apache-tomcat-8.5.8\bin;C:\Program Files (x86)\MySQL\MySQL Server 5.6\bin;C:\Program Files\OpenVPN\bin;E:\Program Files\TortoiseSVN\bin;C:\Program Files\nodejs\;C:\Program Files\OpenSSH\bin;e:\Program Files\Git\cmd;C:\WINDOWS\System32\OpenSSH\;C:\Program Files\PuTTY\;E:\apache-maven-3.5.4\bin;C:\Users\Administrator\AppData\Local\Programs\Microsoft VS Code\bin;E:\Microsoft VS Code\bin;C:\Users\Administrator\AppData\Roaming\npm;C:\Users\Administrator\AppData\Local\Microsoft\WindowsApps;C:\Users\Administrator\AppData\Local\GitHubDesktop\bin;;C:\Users\Administrator\Desktop;;.]
2019-03-12 13:44:50 2575 [main] INFO  o.a.c.c.C.[Tomcat].[localhost].[/] [org.apache.catalina.core.ContainerBase.[Tomcat].[localhost].[/] line:173] - Initializing Spring embedded WebApplicationContext
2019-03-12 13:44:50 2576 [main] INFO  o.s.web.context.ContextLoader [org.springframework.web.context.ContextLoader line:296] - Root WebApplicationContext: initialization completed in 1864 ms
2019-03-12 13:44:50 2659 [main] INFO  c.a.d.s.b.a.DruidDataSourceAutoConfigure [com.alibaba.druid.spring.boot.autoconfigure.DruidDataSourceAutoConfigure line:56] - Init DruidDataSource
2019-03-12 13:44:50 2835 [main] INFO  c.a.druid.pool.DruidDataSource [com.alibaba.druid.pool.DruidDataSource line:930] - {dataSource-1} inited
2019-03-12 13:44:50 3085 [main] INFO  o.h.jpa.internal.util.LogHelper [org.hibernate.jpa.internal.util.LogHelper line:31] - HHH000204: Processing PersistenceUnitInfo [
	name: default
	...]
2019-03-12 13:44:50 3164 [main] INFO  org.hibernate.Version [org.hibernate.Version line:46] - HHH000412: Hibernate Core {5.3.7.Final}
2019-03-12 13:44:50 3167 [main] INFO  org.hibernate.cfg.Environment [org.hibernate.cfg.Environment line:213] - HHH000206: hibernate.properties not found
2019-03-12 13:44:50 3339 [main] INFO  o.h.annotations.common.Version [org.hibernate.annotations.common.Version line:49] - HCANN000001: Hibernate Commons Annotations {5.0.4.Final}
2019-03-12 13:44:51 3485 [main] INFO  org.hibernate.dialect.Dialect [org.hibernate.dialect.Dialect line:157] - HHH000400: Using dialect: org.hibernate.dialect.MySQL5Dialect
2019-03-12 13:44:51 4115 [main] INFO  o.s.o.j.LocalContainerEntityManagerFactoryBean [org.springframework.orm.jpa.LocalContainerEntityManagerFactoryBean line:415] - Initialized JPA EntityManagerFactory for persistence unit 'default'
2019-03-12 13:44:52 4561 [main] INFO  o.s.s.c.ThreadPoolTaskExecutor [org.springframework.scheduling.concurrent.ThreadPoolTaskExecutor line:171] - Initializing ExecutorService 'applicationTaskExecutor'
2019-03-12 13:44:52 4909 [main] INFO  o.a.coyote.http11.Http11NioProtocol [org.apache.coyote.http11.Http11NioProtocol line:173] - Starting ProtocolHandler ["http-nio-8001"]
2019-03-12 13:44:52 5084 [main] INFO  o.s.b.w.e.tomcat.TomcatWebServer [org.springframework.boot.web.embedded.tomcat.TomcatWebServer line:204] - Tomcat started on port(s): 8001 (http) with context path ''
2019-03-12 13:44:52 5086 [main] INFO  pomelo.producer.Application [pomelo.producer.Application line:59] - Started Application in 4.901 seconds (JVM running for 5.32)
2019-03-12 13:46:46 118625 [http-nio-8001-exec-6] INFO  o.a.c.c.C.[Tomcat].[localhost].[/] [org.apache.catalina.core.ContainerBase.[Tomcat].[localhost].[/] line:173] - Initializing Spring DispatcherServlet 'dispatcherServlet'
2019-03-12 13:46:46 118625 [http-nio-8001-exec-6] INFO  o.s.web.servlet.DispatcherServlet [org.springframework.web.servlet.DispatcherServlet line:524] - Initializing Servlet 'dispatcherServlet'
2019-03-12 13:46:46 118639 [http-nio-8001-exec-6] INFO  o.s.web.servlet.DispatcherServlet [org.springframework.web.servlet.DispatcherServlet line:546] - Completed initialization in 14 ms
